生成启动时间为 2015/9/24 17:40:57。
     1>项目“C:\Users\菲儿\Desktop\Documents\GitHub\ARock\visual_studio_2013\logistic_regression\logistic_regression.vcxproj”在节点 2 上(Build 个目标)。
     1>ClCompile:
         A:\VS2013\安装文件\VC\bin\CL.exe /c /I"C:\Users\菲儿\Desktop\Documents\GitHub\ARock\visual_studio_2013\\..\include" /ZI /nologo /W3 /WX- /Od /Oy- /D WIN32 /D _DEBUG /D _CONSOLE /D _LIB /D _UNICODE /D UNICODE /Gm /EHsc /RTC1 /MDd /GS /fp:precise /Zc:wchar_t /Zc:forScope /openmp /Fo"Debug\\" /Fd"Debug\vc120.pdb" /Gd /TP /analyze- /errorReport:prompt ..\..\src\algebra.cc ..\..\src\logistic.cc ..\..\src\matrices.cc ..\..\src\test_logistic.cc
         test_logistic.cc
     1>c:\users\菲儿\desktop\documents\github\arock\src\test_logistic.cc(229): warning C4800: “int”: 将值强制为布尔值“true”或“false”(性能警告)
     1>c:\users\菲儿\desktop\documents\github\arock\src\test_logistic.cc(244): warning C4800: “int”: 将值强制为布尔值“true”或“false”(性能警告)
         matrices.cc
         logistic.cc
         algebra.cc
         正在生成代码...
       Link:
         A:\VS2013\安装文件\VC\bin\link.exe /ERRORREPORT:PROMPT /OUT:"C:\Users\菲儿\Desktop\Documents\GitHub\ARock\visual_studio_2013\Debug\logistic_regression.exe" /INCREMENTAL /NOLOGO kernel32.lib user32.lib gdi32.lib winspool.lib comdlg32.lib advapi32.lib shell32.lib ole32.lib oleaut32.lib uuid.lib odbc32.lib odbccp32.lib /MANIFEST /MANIFESTUAC:"level='asInvoker' uiAccess='false'" /manifest:embed /DEBUG /PDB:"C:\Users\菲儿\Desktop\Documents\GitHub\ARock\visual_studio_2013\Debug\logistic_regression.pdb" /SUBSYSTEM:CONSOLE /TLBID:1 /DYNAMICBASE /NXCOMPAT /IMPLIB:"C:\Users\菲儿\Desktop\Documents\GitHub\ARock\visual_studio_2013\Debug\logistic_regression.lib" /MACHINE:X86 Debug\algebra.obj
         Debug\logistic.obj
         Debug\matrices.obj
         Debug\test_logistic.obj
         logistic_regression.vcxproj -> C:\Users\菲儿\Desktop\Documents\GitHub\ARock\visual_studio_2013\Debug\logistic_regression.exe
     1>已完成生成项目“C:\Users\菲儿\Desktop\Documents\GitHub\ARock\visual_studio_2013\logistic_regression\logistic_regression.vcxproj”(Build 个目标)的操作。

生成成功。

已用时间 00:00:25.64
