生成启动时间为 9/20/2015 8:48:18 PM。
     1>项目“C:\Users\candice\Desktop\ARock\visual_studio_2015\logistic_regression\logistic_regression.vcxproj”在节点 2 上(Build 个目标)。
     1>ClCompile:
         C:\Program Files (x86)\Microsoft Visual Studio 14.0\VC\bin\x86_amd64\CL.exe /c /IC:\Users\candice\Desktop\ARock\visual_studio_2015\\..\include /ZI /nologo /W3 /WX- /sdl /Od /D _DEBUG /D _CONSOLE /D _UNICODE /D UNICODE /Gm /EHsc /RTC1 /MDd /GS /fp:precise /Zc:wchar_t /Zc:forScope /Zc:inline /openmp /Fo"x64\Debug\\" /Fd"x64\Debug\vc140.pdb" /Gd /TP /errorReport:prompt ..\..\src\algebra.cc ..\..\src\logistic.cc ..\..\src\matrices.cc
         matrices.cc
     1>c:\users\candice\desktop\arock\src\matrices.cc(73): warning C4244: “参数”: 从“size_t”转换到“const double”，可能丢失数据
     1>c:\users\candice\desktop\arock\src\matrices.cc(115): warning C4244: “参数”: 从“size_t”转换到“const double”，可能丢失数据
         logistic.cc
     1>c:\users\candice\desktop\arock\src\logistic.cc(141): warning C4267: “初始化”: 从“size_t”转换到“int”，可能丢失数据
         c:\users\candice\desktop\arock\src\logistic.cc(237): note: 参见对正在编译的函数 模板 实例化“void l2_logistic<Matrix>(Matrix &,Vector &,Vector &,Vector &,Parameters)”的引用
     1>c:\users\candice\desktop\arock\src\logistic.cc(142): warning C4267: “初始化”: 从“size_t”转换到“int”，可能丢失数据
     1>c:\users\candice\desktop\arock\src\logistic.cc(266): warning C4267: “初始化”: 从“size_t”转换到“int”，可能丢失数据
         c:\users\candice\desktop\arock\src\logistic.cc(364): note: 参见对正在编译的函数 模板 实例化“void l1_logistic<Matrix>(Matrix &,Vector &,Vector &,Vector &,Parameters)”的引用
     1>c:\users\candice\desktop\arock\src\logistic.cc(267): warning C4267: “初始化”: 从“size_t”转换到“int”，可能丢失数据
     1>c:\users\candice\desktop\arock\src\logistic.cc(393): warning C4267: “初始化”: 从“size_t”转换到“int”，可能丢失数据
         c:\users\candice\desktop\arock\src\logistic.cc(494): note: 参见对正在编译的函数 模板 实例化“void syn_l1_logistic<Matrix>(Matrix &,Vector &,Vector &,Vector &,Parameters)”的引用
     1>c:\users\candice\desktop\arock\src\logistic.cc(394): warning C4267: “初始化”: 从“size_t”转换到“int”，可能丢失数据
         algebra.cc
     1>c:\users\candice\desktop\arock\src\algebra.cc(73): warning C4267: “初始化”: 从“size_t”转换到“int”，可能丢失数据
     1>c:\users\candice\desktop\arock\src\algebra.cc(74): warning C4267: “初始化”: 从“size_t”转换到“int”，可能丢失数据
     1>c:\users\candice\desktop\arock\src\algebra.cc(225): warning C4267: “初始化”: 从“size_t”转换到“int”，可能丢失数据
     1>c:\users\candice\desktop\arock\src\algebra.cc(248): warning C4267: “初始化”: 从“size_t”转换到“int”，可能丢失数据
     1>c:\users\candice\desktop\arock\src\algebra.cc(249): warning C4267: “初始化”: 从“size_t”转换到“int”，可能丢失数据
     1>c:\users\candice\desktop\arock\src\algebra.cc(268): warning C4267: “初始化”: 从“size_t”转换到“int”，可能丢失数据
     1>c:\users\candice\desktop\arock\src\algebra.cc(294): warning C4267: “初始化”: 从“size_t”转换到“int”，可能丢失数据
         正在生成代码...
       Link:
         C:\Program Files (x86)\Microsoft Visual Studio 14.0\VC\bin\x86_amd64\link.exe /ERRORREPORT:PROMPT /OUT:"C:\Users\candice\Desktop\ARock\visual_studio_2015\x64\Debug\logistic_regression.exe" /INCREMENTAL /NOLOGO kernel32.lib user32.lib gdi32.lib winspool.lib comdlg32.lib advapi32.lib shell32.lib ole32.lib oleaut32.lib uuid.lib odbc32.lib odbccp32.lib /MANIFEST /MANIFESTUAC:"level='asInvoker' uiAccess='false'" /manifest:embed /Debug /PDB:"C:\Users\candice\Desktop\ARock\visual_studio_2015\x64\Debug\logistic_regression.pdb" /SUBSYSTEM:CONSOLE /TLBID:1 /DYNAMICBASE /NXCOMPAT /IMPLIB:"C:\Users\candice\Desktop\ARock\visual_studio_2015\x64\Debug\logistic_regression.lib" /MACHINE:X64 x64\Debug\algebra.obj
         x64\Debug\logistic.obj
         x64\Debug\matrices.obj
         x64\Debug\test_logistic.obj
         logistic_regression.vcxproj -> C:\Users\candice\Desktop\ARock\visual_studio_2015\x64\Debug\logistic_regression.exe
     1>已完成生成项目“C:\Users\candice\Desktop\ARock\visual_studio_2015\logistic_regression\logistic_regression.vcxproj”(Build 个目标)的操作。

已成功生成。

已用时间 00:00:03.76
